# JRE version: OpenJDK Runtime Environment (8.0_152-b01) (build 1.8.0_152-release-915-b01)
# Java VM: OpenJDK 64-Bit Server VM (25.152-b01 mixed mode linux-amd64 compressed oops)
Heap:
 PSYoungGen      total 459264K, used 434179K [0x00000000e0000000, 0x00000000ffd00000, 0x0000000100000000)
  eden space 396288K, 100% used [0x00000000e0000000,0x00000000f8300000,0x00000000f8300000)
  from space 62976K, 60% used [0x00000000f8300000,0x00000000fa800fb0,0x00000000fc080000)
  to   space 61440K, 50% used [0x00000000fc100000,0x00000000fdf8a240,0x00000000ffd00000)
 ParOldGen       total 197120K, used 94608K [0x00000000a0000000, 0x00000000ac080000, 0x00000000e0000000)
  object space 197120K, 47% used [0x00000000a0000000,0x00000000a5c64360,0x00000000ac080000)
 Metaspace       used 81383K, capacity 88744K, committed 89048K, reserved 1126400K
  class space    used 10062K, capacity 11696K, committed 11776K, reserved 1048576K
GC Heap History (10 events):
Event: 12565.623 GC heap after
Heap after GC invocations=37 (full 4):
 PSYoungGen      total 444416K, used 42922K [0x00000000e0000000, 0x0000000100000000, 0x0000000100000000)
  eden space 401408K, 0% used [0x00000000e0000000,0x00000000e0000000,0x00000000f8800000)
  from space 43008K, 99% used [0x00000000f8800000,0x00000000fb1ea958,0x00000000fb200000)
  to   space 63488K, 0% used [0x00000000fc200000,0x00000000fc200000,0x0000000100000000)
 ParOldGen       total 197120K, used 85015K [0x00000000a0000000, 0x00000000ac080000, 0x00000000e0000000)
  object space 197120K, 43% used [0x00000000a0000000,0x00000000a5305d40,0x00000000ac080000)
 Metaspace       used 80637K, capacity 87330K, committed 87512K, reserved 1126400K
  class space    used 9969K, capacity 11399K, committed 11520K, reserved 1048576K
}
Event: 12868.127 GC heap before
{Heap before GC invocations=38 (full 4):
 PSYoungGen      total 444416K, used 444330K [0x00000000e0000000, 0x0000000100000000, 0x0000000100000000)
  eden space 401408K, 100% used [0x00000000e0000000,0x00000000f8800000,0x00000000f8800000)
  from space 43008K, 99% used [0x00000000f8800000,0x00000000fb1ea958,0x00000000fb200000)
  to   space 63488K, 0% used [0x00000000fc200000,0x00000000fc200000,0x0000000100000000)
 ParOldGen       total 197120K, used 85015K [0x00000000a0000000, 0x00000000ac080000, 0x00000000e0000000)
  object space 197120K, 43% used [0x00000000a0000000,0x00000000a5305d40,0x00000000ac080000)
 Metaspace       used 80760K, capacity 87656K, committed 87768K, reserved 1126400K
  class space    used 9982K, capacity 11440K, committed 11520K, reserved 1048576K
Event: 12868.181 GC heap after
Heap after GC invocations=38 (full 4):
 PSYoungGen      total 458752K, used 42578K [0x00000000e0000000, 0x0000000100000000, 0x0000000100000000)
  eden space 395264K, 0% used [0x00000000e0000000,0x00000000e0000000,0x00000000f8200000)
  from space 63488K, 67% used [0x00000000fc200000,0x00000000feb94b88,0x0000000100000000)
  to   space 64512K, 0% used [0x00000000f8200000,0x00000000f8200000,0x00000000fc100000)
 ParOldGen       total 197120K, used 85015K [0x00000000a0000000, 0x00000000ac080000, 0x00000000e0000000)
  object space 197120K, 43% used [0x00000000a0000000,0x00000000a5305d40,0x00000000ac080000)
 Metaspace       used 80760K, capacity 87656K, committed 87768K, reserved 1126400K
  class space    used 9982K, capacity 11440K, committed 11520K, reserved 1048576K
}
Event: 13182.007 GC heap before
{Heap before GC invocations=39 (full 4):
 PSYoungGen      total 458752K, used 437842K [0x00000000e0000000, 0x0000000100000000, 0x0000000100000000)
  eden space 395264K, 100% used [0x00000000e0000000,0x00000000f8200000,0x00000000f8200000)
  from space 63488K, 67% used [0x00000000fc200000,0x00000000feb94b88,0x0000000100000000)
  to   space 64512K, 0% used [0x00000000f8200000,0x00000000f8200000,0x00000000fc100000)
 ParOldGen       total 197120K, used 85015K [0x00000000a0000000, 0x00000000ac080000, 0x00000000e0000000)
  object space 197120K, 43% used [0x00000000a0000000,0x00000000a5305d40,0x00000000ac080000)
 Metaspace       used 80943K, capacity 87996K, committed 88152K, reserved 1126400K
  class space    used 10014K, capacity 11536K, committed 11648K, reserved 1048576K
Event: 13182.066 GC heap after
Heap after GC invocations=39 (full 4):
 PSYoungGen      total 432640K, used 37348K [0x00000000e0000000, 0x00000000ffe00000, 0x0000000100000000)
  eden space 395264K, 0% used [0x00000000e0000000,0x00000000e0000000,0x00000000f8200000)
  from space 37376K, 99% used [0x00000000f8200000,0x00000000fa6792e0,0x00000000fa680000)
  to   space 62976K, 0% used [0x00000000fc080000,0x00000000fc080000,0x00000000ffe00000)
 ParOldGen       total 197120K, used 85023K [0x00000000a0000000, 0x00000000ac080000, 0x00000000e0000000)
  object space 197120K, 43% used [0x00000000a0000000,0x00000000a5307d40,0x00000000ac080000)
 Metaspace       used 80943K, capacity 87996K, committed 88152K, reserved 1126400K
  class space    used 10014K, capacity 11536K, committed 11648K, reserved 1048576K
}
Event: 13246.711 GC heap before
{Heap before GC invocations=40 (full 4):
 PSYoungGen      total 432640K, used 432612K [0x00000000e0000000, 0x00000000ffe00000, 0x0000000100000000)
  eden space 395264K, 100% used [0x00000000e0000000,0x00000000f8200000,0x00000000f8200000)
  from space 37376K, 99% used [0x00000000f8200000,0x00000000fa6792e0,0x00000000fa680000)
  to   space 62976K, 0% used [0x00000000fc080000,0x00000000fc080000,0x00000000ffe00000)
 ParOldGen       total 197120K, used 85023K [0x00000000a0000000, 0x00000000ac080000, 0x00000000e0000000)
  object space 197120K, 43% used [0x00000000a0000000,0x00000000a5307d40,0x00000000ac080000)
 Metaspace       used 81055K, capacity 88184K, committed 88408K, reserved 1126400K
  class space    used 10026K, capacity 11576K, committed 11648K, reserved 1048576K
Event: 13246.769 GC heap after
Heap after GC invocations=40 (full 4):
 PSYoungGen      total 459264K, used 41093K [0x00000000e0000000, 0x0000000100000000, 0x0000000100000000)
  eden space 396288K, 0% used [0x00000000e0000000,0x00000000e0000000,0x00000000f8300000)
  from space 62976K, 65% used [0x00000000fc080000,0x00000000fe8a14e8,0x00000000ffe00000)
  to   space 62976K, 0% used [0x00000000f8300000,0x00000000f8300000,0x00000000fc080000)
 ParOldGen       total 197120K, used 85023K [0x00000000a0000000, 0x00000000ac080000, 0x00000000e0000000)
  object space 197120K, 43% used [0x00000000a0000000,0x00000000a5307d40,0x00000000ac080000)
 Metaspace       used 81055K, capacity 88184K, committed 88408K, reserved 1126400K
  class space    used 10026K, capacity 11576K, committed 11648K, reserved 1048576K
}
Event: 13655.575 GC heap before
{Heap before GC invocations=41 (full 4):
 PSYoungGen      total 459264K, used 437381K [0x00000000e0000000, 0x0000000100000000, 0x0000000100000000)
  eden space 396288K, 100% used [0x00000000e0000000,0x00000000f8300000,0x00000000f8300000)
  from space 62976K, 65% used [0x00000000fc080000,0x00000000fe8a14e8,0x00000000ffe00000)
  to   space 62976K, 0% used [0x00000000f8300000,0x00000000f8300000,0x00000000fc080000)
 ParOldGen       total 197120K, used 85023K [0x00000000a0000000, 0x00000000ac080000, 0x00000000e0000000)
  object space 197120K, 43% used [0x00000000a0000000,0x00000000a5307d40,0x00000000ac080000)
 Metaspace       used 81205K, capacity 88488K, committed 88792K, reserved 1126400K
  class space    used 10048K, capacity 11656K, committed 11776K, reserved 1048576K
Event: 13655.624 GC heap after
Heap after GC invocations=41 (full 4):
 PSYoungGen      total 459264K, used 37891K [0x00000000e0000000, 0x00000000ffd00000, 0x0000000100000000)
  eden space 396288K, 0% used [0x00000000e0000000,0x00000000e0000000,0x00000000f8300000)
  from space 62976K, 60% used [0x00000000f8300000,0x00000000fa800fb0,0x00000000fc080000)
  to   space 61440K, 0% used [0x00000000fc100000,0x00000000fc100000,0x00000000ffd00000)
 ParOldGen       total 197120K, used 85031K [0x00000000a0000000, 0x00000000ac080000, 0x00000000e0000000)
  object space 197120K, 43% used [0x00000000a0000000,0x00000000a5309d40,0x00000000ac080000)
 Metaspace       used 81205K, capacity 88488K, committed 88792K, reserved 1126400K
  class space    used 10048K, capacity 11656K, committed 11776K, reserved 1048576K
}
Event: 13877.505 GC heap before
{Heap before GC invocations=42 (full 4):
 PSYoungGen      total 459264K, used 434179K [0x00000000e0000000, 0x00000000ffd00000, 0x0000000100000000)
  eden space 396288K, 100% used [0x00000000e0000000,0x00000000f8300000,0x00000000f8300000)
  from space 62976K, 60% used [0x00000000f8300000,0x00000000fa800fb0,0x00000000fc080000)
  to   space 61440K, 0% used [0x00000000fc100000,0x00000000fc100000,0x00000000ffd00000)
 ParOldGen       total 197120K, used 85031K [0x00000000a0000000, 0x00000000ac080000, 0x00000000e0000000)
  object space 197120K, 43% used [0x00000000a0000000,0x00000000a5309d40,0x00000000ac080000)
 Metaspace       used 81383K, capacity 88744K, committed 89048K, reserved 1126400K
  class space    used 10062K, capacity 11696K, committed 11776K, reserved 1048576K

